00000000000i[     ] Bochs x86 Emulator 2.4.6
00000000000i[     ]   Build from CVS snapshot, on February 22, 2011
00000000000i[     ] Compiled at Dec 31 2017, 19:13:50
00000000000i[     ] System configuration
00000000000i[     ]   processors: 1 (cores=1, HT threads=1)
00000000000i[     ]   A20 line support: yes
00000000000i[     ] CPU configuration
00000000000i[     ]   level: 6
00000000000i[     ]   SMP support: yes, quantum=5
00000000000i[     ]   APIC support: yes
00000000000i[     ]   FPU support: yes
00000000000i[     ]   MMX support: yes
00000000000i[     ]   3dnow! support: yes
00000000000i[     ]   SEP support: yes
00000000000i[     ]   SSE support: sse2
00000000000i[     ]   XSAVE support: no
00000000000i[     ]   AES support: no
00000000000i[     ]   MOVBE support: no
00000000000i[     ]   x86-64 support: yes
00000000000i[     ]   1G paging support: no
00000000000i[     ]   VMX support: 1
00000000000i[     ] Optimization configuration
00000000000i[     ]   RepeatSpeedups support: yes
00000000000i[     ]   Trace cache support: yes
00000000000i[     ]   Fast function calls: yes
00000000000i[     ] Devices configuration
00000000000i[     ]   ACPI support: no
00000000000i[     ]   NE2000 support: no
00000000000i[     ]   PCI support: yes, enabled=yes
00000000000i[     ]   SB16 support: yes
00000000000i[     ]   USB support: no
00000000000i[     ]   VGA extension support: vbe 
00000000000i[MEM0 ] allocated memory at 0x7ff9572bb010. after alignment, vector=0x7ff9572bc000
00000000000i[MEM0 ] 32.00MB
00000000000i[MEM0 ] mem block size = 0x00100000, blocks=32
00000000000i[MEM0 ] rom at 0xfffe0000/131072 ('/usr/share/bochs/BIOS-bochs-latest')
00000000000i[MEM0 ] rom at 0xc0000/41472 ('/usr/share/bochs/VGABIOS-lgpl-latest')
00000000000i[VTIME] using 'realtime pit' synchronization method
00000000000i[CMOS ] Using local time for initial clock
00000000000i[CMOS ] Setting initial clock to: Sun Dec 31 23:44:42 2017 (time0=1514744082)
00000000000i[DMA  ] channel 4 used by cascade
00000000000i[DMA  ] channel 2 used by Floppy Drive
00000000000i[PCI  ] 440FX Host bridge present at device 0, function 0
00000000000i[PCI  ] PIIX3 PCI-to-ISA bridge present at device 1, function 0
00000000000i[VGA  ] interval=50000
00000000000i[MEM0 ] Register memory access handlers: 0x00000000000a0000 - 0x00000000000bffff
00000000000i[MEM0 ] Register memory access handlers: 0x00000000e0000000 - 0x00000000e0ffffff
00000000000i[VGA  ] VBE Bochs Display Extension Enabled
00000000000i[     ] init_dev of 'unmapped' plugin device by virtual method
00000000000i[     ] init_dev of 'biosdev' plugin device by virtual method
00000000000i[     ] init_dev of 'speaker' plugin device by virtual method
00000000000i[SPEAK] Failed to open /dev/console: Resource temporarily unavailable
00000000000i[SPEAK] Deactivating beep on console
00000000000i[     ] init_dev of 'extfpuirq' plugin device by virtual method
00000000000i[     ] init_dev of 'gameport' plugin device by virtual method
00000000000i[     ] init_dev of 'iodebug' plugin device by virtual method
00000000000i[     ] init_dev of 'pci_ide' plugin device by virtual method
00000000000i[PCI  ] PIIX3 PCI IDE controller present at device 1, function 1
00000000000i[     ] init_dev of 'ioapic' plugin device by virtual method
00000000000i[IOAP ] initializing I/O APIC
00000000000i[MEM0 ] Register memory access handlers: 0x00000000fec00000 - 0x00000000fec00fff
00000000000i[     ] init_dev of 'keyboard' plugin device by virtual method
00000000000i[KBD  ] will paste characters every 1000 keyboard ticks
00000000000i[     ] init_dev of 'harddrv' plugin device by virtual method
00000000000i[HD   ] CD on ata0-0: 'kernel.iso'
00000000000i[CD1  ] load cdrom with path=kernel.iso
00000000000i[CD1  ] Opening image file as a cd.
00000000000i[HD   ] Media present in CD-ROM drive
00000000000i[HD   ] Capacity is 9949 sectors (19.43 MB)
00000000000i[HD   ] Using boot sequence cdrom, none, none
00000000000i[HD   ] Floppy boot signature check is enabled
00000000000i[     ] init_dev of 'serial' plugin device by virtual method
00000000000i[SER  ] com1 at 0x03f8 irq 4
00000000000i[     ] init_dev of 'parallel' plugin device by virtual method
00000000000i[PAR  ] parallel port 1 at 0x0378 irq 7
00000000000i[     ] register state of 'unmapped' plugin device by virtual method
00000000000i[     ] register state of 'biosdev' plugin device by virtual method
00000000000i[     ] register state of 'speaker' plugin device by virtual method
00000000000i[     ] register state of 'extfpuirq' plugin device by virtual method
00000000000i[     ] register state of 'gameport' plugin device by virtual method
00000000000i[     ] register state of 'iodebug' plugin device by virtual method
00000000000i[     ] register state of 'pci_ide' plugin device by virtual method
00000000000i[     ] register state of 'ioapic' plugin device by virtual method
00000000000i[     ] register state of 'keyboard' plugin device by virtual method
00000000000i[     ] register state of 'harddrv' plugin device by virtual method
00000000000i[     ] register state of 'serial' plugin device by virtual method
00000000000i[     ] register state of 'parallel' plugin device by virtual method
00000000000i[SYS  ] bx_pc_system_c::Reset(HARDWARE) called
00000000000i[CPU0 ] cpu hardware reset
00000000000i[APIC0] allocate APIC id=0 (MMIO enabled) to 0x00000000fee00000
00000000000i[CPU0 ] CPU[0] is the bootstrap processor
00000000000i[CPU0 ] CPUID[0x00000000]: 00000003 68747541 444d4163 69746e65
00000000000i[CPU0 ] CPUID[0x00000001]: 00000f23 00000800 00002020 07cbfbff
00000000000i[CPU0 ] CPUID[0x00000002]: 00000000 00000000 00000000 00000000
00000000000i[CPU0 ] CPUID[0x00000003]: 00000000 00000000 00000000 00000000
00000000000i[CPU0 ] CPUID[0x00000004]: 00000000 00000000 00000000 00000000
00000000000i[CPU0 ] CPUID[0x00000007]: 00000000 00000000 00000000 00000000
00000000000i[CPU0 ] CPUID[0x80000000]: 80000008 68747541 444d4163 69746e65
00000000000i[CPU0 ] CPUID[0x80000001]: 00000f23 00000000 00000001 ebd3fbff
00000000000i[CPU0 ] CPUID[0x80000002]: 20444d41 6c687441 74286e6f 7020296d
00000000000i[CPU0 ] CPUID[0x80000003]: 65636f72 726f7373 00000000 00000000
00000000000i[CPU0 ] CPUID[0x80000004]: 00000000 00000000 00000000 00000000
00000000000i[CPU0 ] CPUID[0x80000005]: 01ff01ff 01ff01ff 40020140 40020140
00000000000i[CPU0 ] CPUID[0x80000006]: 00000000 42004200 02008140 00000000
00000000000i[CPU0 ] CPUID[0x80000007]: 00000000 00000000 00000000 00000000
00000000000i[CPU0 ] CPUID[0x80000008]: 00003028 00000000 00000000 00000000
00000000000i[     ] reset of 'unmapped' plugin device by virtual method
00000000000i[     ] reset of 'biosdev' plugin device by virtual method
00000000000i[     ] reset of 'speaker' plugin device by virtual method
00000000000i[     ] reset of 'extfpuirq' plugin device by virtual method
00000000000i[     ] reset of 'gameport' plugin device by virtual method
00000000000i[     ] reset of 'iodebug' plugin device by virtual method
00000000000i[     ] reset of 'pci_ide' plugin device by virtual method
00000000000i[     ] reset of 'ioapic' plugin device by virtual method
00000000000i[     ] reset of 'keyboard' plugin device by virtual method
00000000000i[     ] reset of 'harddrv' plugin device by virtual method
00000000000i[     ] reset of 'serial' plugin device by virtual method
00000000000i[     ] reset of 'parallel' plugin device by virtual method
00000000000i[     ] set SIGINT handler to bx_debug_ctrlc_handler
00000004662i[BIOS ] $Revision: 13073 $ $Date: 2017-02-16 22:43:52 +0100 (Do, 16. Feb 2017) $
00000317039i[KBD  ] reset-disable command received
00000318326i[BIOS ] Starting rombios32
00000318764i[BIOS ] Shutdown flag 0
00000319347i[BIOS ] ram_size=0x02000000
00000319768i[BIOS ] ram_end=32MB
00000330076i[BIOS ] Found 1 cpu(s)
00000343660i[BIOS ] bios_table_addr: 0x000f9cd8 end=0x000fcc00
00000343759i[PCI  ] 440FX PMC write to PAM register 59 (TLB Flush)
00000671455i[PCI  ] 440FX PMC write to PAM register 59 (TLB Flush)
00000999384i[P2I  ] PCI IRQ routing: PIRQA# set to 0x0b
00000999403i[P2I  ] PCI IRQ routing: PIRQB# set to 0x09
00000999422i[P2I  ] PCI IRQ routing: PIRQC# set to 0x0b
00000999441i[P2I  ] PCI IRQ routing: PIRQD# set to 0x09
00000999451i[P2I  ] write: ELCR2 = 0x0a
00001000221i[BIOS ] PIIX3/PIIX4 init: elcr=00 0a
00001007860i[BIOS ] PCI: bus=0 devfn=0x00: vendor_id=0x8086 device_id=0x1237 class=0x0600
00001010139i[BIOS ] PCI: bus=0 devfn=0x08: vendor_id=0x8086 device_id=0x7000 class=0x0601
00001012257i[BIOS ] PCI: bus=0 devfn=0x09: vendor_id=0x8086 device_id=0x7010 class=0x0101
00001012486i[PIDE ] new BM-DMA address: 0xc000
00001013102i[BIOS ] region 4: 0x0000c000
00001028089i[BIOS ] MP table addr=0x000f9db0 MPC table addr=0x000f9ce0 size=0xc8
00001029911i[BIOS ] SMBIOS table addr=0x000f9dc0
00001029949i[PCI  ] 440FX PMC write to PAM register 59 (TLB Flush)
00001030672i[BIOS ] bios_table_cur_addr: 0x000f9edc
00001158289i[VBIOS] VGABios $Id: vgabios.c,v 1.76 2013/02/10 08:07:03 vruppert Exp $
00001158360i[VGA  ] VBE known Display Interface b0c0
00001158392i[VGA  ] VBE known Display Interface b0c5
00001161317i[VBIOS] VBE Bios $Id: vbe.c,v 1.65 2014/07/08 18:02:25 vruppert Exp $
00004942856i[BIOS ] IDE time out
00126684582i[BIOS ] Booting from 07c0:0000
00134349603i[PIT81] Changing GATE 2 to: 0
00134349612i[PIT81] Changing GATE 2 to: 1
00134361455i[PIT81] Changing GATE 2 to: 0
00613239570i[     ] Ctrl-C detected in signal handler.
00613239571i[CPU0 ] CPU is in protected mode (active)
00613239571i[CPU0 ] CS.d_b = 32 bit
00613239571i[CPU0 ] SS.d_b = 32 bit
00613239571i[CPU0 ] EFER   = 0x00000000
00613239571i[CPU0 ] | RAX=00000000000000f0  RBX=0000000000010000
00613239571i[CPU0 ] | RCX=00000000000b8000  RDX=0000000000000022
00613239571i[CPU0 ] | RSP=0000000000109840  RBP=0000000000109858
00613239571i[CPU0 ] | RSI=0000000000000000  RDI=0000000000000000
00613239571i[CPU0 ] |  R8=0000000000000000   R9=0000000000000000
00613239571i[CPU0 ] | R10=0000000000000000  R11=0000000000000000
00613239571i[CPU0 ] | R12=0000000000000000  R13=0000000000000000
00613239571i[CPU0 ] | R14=0000000000000000  R15=0000000000000000
00613239571i[CPU0 ] | IOPL=0 id vip vif ac vm rf nt of df IF tf sf zf af pf cf
00613239571i[CPU0 ] | SEG selector     base    limit G D
00613239571i[CPU0 ] | SEG sltr(index|ti|rpl)     base    limit G D
00613239571i[CPU0 ] |  CS:0008( 0001| 0|  0) 00000000 ffffffff 1 1
00613239571i[CPU0 ] |  DS:0010( 0002| 0|  0) 00000000 ffffffff 1 1
00613239571i[CPU0 ] |  SS:0010( 0002| 0|  0) 00000000 ffffffff 1 1
00613239571i[CPU0 ] |  ES:0010( 0002| 0|  0) 00000000 ffffffff 1 1
00613239571i[CPU0 ] |  FS:0010( 0002| 0|  0) 00000000 ffffffff 1 1
00613239571i[CPU0 ] |  GS:0010( 0002| 0|  0) 00000000 ffffffff 1 1
00613239571i[CPU0 ] |  MSR_FS_BASE:0000000000000000
00613239571i[CPU0 ] |  MSR_GS_BASE:0000000000000000
00613239571i[CPU0 ] | RIP=0000000000101f77 (0000000000101f77)
00613239571i[CPU0 ] | CR0=0x60000011 CR2=0x0000000000000000
00613239571i[CPU0 ] | CR3=0x00000000 CR4=0x00000000
00613239571i[CMOS ] Last time is 1514744695 (Sun Dec 31 23:54:55 2017)
00613239571i[CTRL ] quit_sim called with exit code 1
